Arguments: 
  C:\Users\feleite\Desktop\node-v12.16.1-win-x64\node.exe C:\Program Files (x86)\Yarn\bin\yarn.js

PATH: 
  C:\Program Files (x86)\Common Files\Intel\Shared Libraries\redist\intel64\compiler;C:\Python27\;C:\Python27\Scripts;C:\Program Files (x86)\Common Files\Oracle\Java\javapath;C:\WINDOWS\system32;C:\WINDOWS;C:\WINDOWS\System32\Wbem;C:\WINDOWS\System32\WindowsPowerShell\v1.0\;C:\WINDOWS\System32\OpenSSH\;C:\ProgramData\chocolatey\bin;C:\Program Files (x86)\Yarn\bin\;C:\Program Files\Git\cmd;C:\Users\feleite\Desktop\node-v12.16.1-win-x64;C:\curl\bin\curl.exe;;C:\Program Files\Docker\Docker\resources\bin;C:\ProgramData\DockerDesktop\version-bin;C:\Program Files (x86)\QuickTime\QTSystem\;w:\;t:\;;C:\Users\feleite\AppData\Local\Programs\Microsoft VS Code\bin

Yarn version: 
  1.21.1

Node version: 
  12.16.1

Platform: 
  win32 x64

Trace: 
  Error: https://registry.yarnpkg.com/rxjs/-/rxjs-6.6.3.tgz: ESOCKETTIMEDOUT
      at ClientRequest.<anonymous> (C:\Program Files (x86)\Yarn\lib\cli.js:141292:19)
      at Object.onceWrapper (events.js:417:28)
      at ClientRequest.emit (events.js:311:20)
      at TLSSocket.emitRequestTimeout (_http_client.js:714:9)
      at Object.onceWrapper (events.js:417:28)
      at TLSSocket.emit (events.js:311:20)
      at TLSSocket.Socket._onTimeout (net.js:478:8)
      at listOnTimeout (internal/timers.js:549:17)
      at processTimers (internal/timers.js:492:7)

npm manifest: 
  {
    "name": "electron-react-typescript",
    "version": "1.0.0",
    "description": "An Electron boilerplate including TypeScript, React, Jest and ESLint.",
    "main": "./dist/main.js",
    "scripts": {
      "dev": "npm-run-all -p dev:react electron:serve",
      "dev:electron": "cross-env NODE_ENV=development webpack --config webpack/electron.webpack.js --mode development && npm run start:electron",
      "dev:react": "cross-env NODE_ENV=development webpack-dev-server --config webpack/react.webpack.js --mode development",
      "electron:serve": "wait-on http-get://localhost:4000/ && npm run dev:electron",
      "start:electron": "electron .",
      "build": "npm-run-all build:electron build:react",
      "build:run": "npm-run-all build start:electron",
      "build:electron": "webpack --config webpack/electron.webpack.js",
      "build:react": "webpack --config webpack/react.webpack.js",
      "package": "npm-run-all build package:dist",
      "package:dist": "electron-builder --dir",
      "test": "jest"
    },
    "keywords": [],
    "author": "Diego Fernandes <diego.schell.f@gmail.com>",
    "license": "MIT",
    "devDependencies": {
      "@babel/core": "^7.9.0",
      "@babel/preset-env": "^7.9.5",
      "@babel/preset-react": "^7.9.4",
      "@babel/preset-typescript": "^7.9.0",
      "@commitlint/cli": "^9.0.1",
      "@commitlint/config-conventional": "^9.0.1",
      "@commitlint/core": "^9.0.1",
      "@testing-library/jest-dom": "^5.11.0",
      "@testing-library/react": "^10.4.3",
      "@types/electron-devtools-installer": "^2.2.0",
      "@types/jest": "^26.0.3",
      "@types/react": "^16.9.34",
      "@types/react-dom": "^16.9.6",
      "@types/styled-components": "^5.1.0",
      "@typescript-eslint/eslint-plugin": "^4.11.0",
      "@typescript-eslint/parser": "^4.11.0",
      "babel-loader": "^8.1.0",
      "commitizen": "^4.1.2",
      "cross-env": "^7.0.2",
      "css-loader": "^5.0.1",
      "cz-conventional-changelog": "3.2.0",
      "electron": "^8.2.2",
      "electron-builder": "^22.7.0",
      "electron-devtools-installer": "^3.1.0",
      "eslint": "^7.3.1",
      "eslint-config-prettier": "^6.11.0",
      "eslint-config-standard": "^14.1.1",
      "eslint-import-resolver-typescript": "^2.0.0",
      "eslint-plugin-import": "^2.22.0",
      "eslint-plugin-node": "^11.1.0",
      "eslint-plugin-prettier": "^3.1.4",
      "eslint-plugin-promise": "^4.2.1",
      "eslint-plugin-react": "^7.21.5",
      "eslint-plugin-standard": "^4.0.1",
      "html-webpack-plugin": "^4.2.0",
      "husky": "^4.2.5",
      "jest": "^26.1.0",
      "lint-staged": "^10.2.11",
      "npm-run-all": "^4.1.5",
      "prettier": "^2.0.5",
      "ts-jest": "^26.1.1",
      "typescript": "^3.9.5",
      "wait-on": "^5.0.1",
      "webpack": "^4.42.1",
      "webpack-cli": "^3.3.11",
      "webpack-dev-server": "^3.10.3"
    },
    "dependencies": {
      "@types/chroma-js": "^2.1.3",
      "@types/react-select": "^3.0.28",
      "chroma-js": "^2.1.0",
      "electron-store": "^6.0.1",
      "file-loader": "^6.2.0",
      "react": "^16.13.1",
      "react-dom": "^16.13.1",
      "react-router-dom": "^5.2.0",
      "react-select": "^3.1.1",
      "styled-components": "^5.1.1",
      "uuidv4": "^6.2.6"
    },
    "build": {
      "appId": "your.id",
      "mac": {
        "category": "public.app-category.video"
      },
      "directories": {
        "output": "packages"
      },
      "files": [
        "package.json",
        "dist/**"
      ]
    },
    "config": {
      "commitizen": {
        "path": "./node_modules/cz-conventional-changelog"
      }
    },
    "husky": {
      "hooks": {
        "commit-msg": "commitlint -E HUSKY_GIT_PARAMS",
        "prepare-commit-msg": "exec < /dev/tty && git cz --hook || true",
        "pre-commit": "lint-staged"
      }
    },
    "lint-staged": {
      "*.{js,jsx,ts,tsx}": [
        "eslint --fix"
      ]
    }
  }

yarn manifest: 
  No manifest

Lockfile: 
  No lockfile
